<?xml version="1.0" encoding="UTF-8"?>
<!-- Generated by org.testng.reporters.JUnitReportReporter -->
<testsuite skipped="0" hostname="DESKTOP-OTA0MNN" name="testRunners.FirstRunner" tests="1" failures="0" timestamp="2020-03-27T19:28:41 CST" time="27.901" errors="0">
  <testcase name="runScenario" time="27.901" classname="testRunners.FirstRunner"/>
  <system-out/>
</testsuite> <!-- testRunners.FirstRunner -->
