<?xml version="1.0" encoding="UTF-8"?>
<!-- Generated by org.testng.reporters.JUnitReportReporter -->
<testsuite skipped="3" hostname="DESKTOP-OTA0MNN" name="RestAssuredTest" tests="7" failures="0" timestamp="2020-04-01T14:00:55 CST" time="6.940" errors="0">
  <testcase name="test5" time="0.795" classname="RestAssuredTest"/>
  <system-out/>
  <testcase name="test4" time="4.701" classname="RestAssuredTest"/>
  <system-out/>
  <testcase name="test7" time="0.721" classname="RestAssuredTest"/>
  <system-out/>
  <testcase name="test6" time="0.723" classname="RestAssuredTest"/>
  <system-out/>
  <testcase name="test1" classname="RestAssuredTest">
    <skipped/>
  </testcase> <!-- test1 -->
  <system-out/>
  <testcase name="test3" classname="RestAssuredTest">
    <skipped/>
  </testcase> <!-- test3 -->
  <system-out/>
  <testcase name="test2" classname="RestAssuredTest">
    <skipped/>
  </testcase> <!-- test2 -->
  <system-out/>
</testsuite> <!-- RestAssuredTest -->
