<?xml version="1.0" encoding="UTF-8"?>
<!-- Generated by org.testng.reporters.JUnitReportReporter -->
<testsuite skipped="0" hostname="DESKTOP-OTA0MNN" name="testRunners.ApiRunner" tests="1" failures="0" timestamp="2020-04-01T11:27:27 CST" time="4.601" errors="0">
  <testcase name="runScenario" time="4.601" classname="testRunners.ApiRunner"/>
  <system-out/>
</testsuite> <!-- testRunners.ApiRunner -->
